[2014-03-30 13:31:50] START
[2014-03-31 17:30:27] EDIT Notes/views/default/index.html: -8
[2014-03-31 17:31:33] EDIT Notes/controllers/default.py: 0
[2014-03-31 17:36:10] EDIT Notes/views/default/index.html: 0
[2014-03-31 17:36:30] EDIT Notes/views/default/index.html: 0
[2014-03-31 17:37:07] EDIT Notes/views/default/index.html: 0
[2014-03-31 17:37:21] EDIT Notes/views/default/index.html: 0
[2014-03-31 17:37:35] EDIT Notes/views/default/index.html: 0
[2014-03-31 17:41:45] EDIT Notes/views/default/index.html: 2
[2014-03-31 18:05:50] EDIT Notes/views/default/notes.html: 0
[2014-03-31 18:06:18] EDIT Notes/views/default/notes.html: 0
[2014-03-31 18:07:37] EDIT Notes/views/default/index.html: 0
[2014-03-31 18:07:55] EDIT Notes/views/default/index.html: 0
[2014-03-31 18:08:48] EDIT Notes/views/default/index.html: -1
[2014-03-31 18:09:20] EDIT Notes/views/default/index.html: 1
[2014-04-09 22:23:12] EDIT Notes/controllers/default.py: 0
[2014-04-09 22:26:04] EDIT NoteKeeper/controllers/default.py: 0
[2014-04-09 22:26:24] EDIT NoteKeeper/controllers/default.py: 0
[2014-04-09 22:28:26] EDIT NoteKeeper/views/default/index.html: -8
[2014-04-09 22:28:47] EDIT NoteKeeper/views/default/index.html: -1
[2014-04-09 22:29:07] EDIT NoteKeeper/views/default/index.html: -1
[2014-04-09 22:29:55] EDIT NoteKeeper/views/default/index.html: -7
[2014-04-09 22:30:39] EDIT NoteKeeper/views/default/index.html: 0
[2014-04-09 22:30:53] EDIT NoteKeeper/views/default/index.html: -1
[2014-04-09 22:31:34] EDIT NoteKeeper/views/default/index.html: 0
[2014-04-09 22:31:46] EDIT NoteKeeper/views/default/index.html: 0
[2014-04-09 22:32:04] EDIT NoteKeeper/views/default/index.html: 0
[2014-04-09 22:32:25] EDIT NoteKeeper/views/default/index.html: 0
[2014-04-09 22:34:51] EDIT NoteKeeper/views/default/index.html: 0
[2014-04-09 22:36:12] EDIT NoteKeeper/controllers/default.py: 1
[2014-04-09 22:36:19] EDIT NoteKeeper/controllers/default.py: 0
[2014-04-09 22:36:30] EDIT NoteKeeper/controllers/default.py: 0
[2014-04-09 22:36:50] EDIT NoteKeeper/controllers/default.py: -1
[2014-04-09 22:37:50] EDIT NoteKeeper/controllers/default.py: 1
[2014-04-09 22:39:15] EDIT NoteKeeper/controllers/default.py: 3
[2014-04-09 22:39:30] EDIT NoteKeeper/controllers/default.py: 0
[2014-04-09 22:50:17] EDIT NoteKeeper/views/default/notes.html: 1
[2014-04-09 22:52:45] EDIT NoteKeeper/controllers/default.py: -1
[2014-04-09 22:52:59] EDIT NoteKeeper/views/default/index.html: 0
[2014-04-09 22:53:10] EDIT NoteKeeper/views/default/dispnotes.html: 0
[2014-04-09 22:54:17] EDIT NoteKeeper/views/default/dispnotes.html: 0
[2014-04-09 22:57:31] EDIT NoteKeeper/views/default/dispnotes.html: 0
[2014-04-09 22:59:19] EDIT NoteKeeper/views/default/dispnotes.html: 0
[2014-04-09 23:04:59] EDIT NoteKeeper/static/css/dispnotes.css: 0
[2014-04-09 23:05:58] EDIT NoteKeeper/static/css/dispnotes.css: -4
[2014-04-09 23:08:45] EDIT NoteKeeper/views/default/dispnotes.html: -4
[2014-04-09 23:09:04] EDIT NoteKeeper/views/default/dispnotes.html: 0
[2014-04-09 23:09:17] EDIT NoteKeeper/views/default/dispnotes.html: -2
[2014-04-09 23:09:40] EDIT NoteKeeper/views/default/dispnotes.html: -1
[2014-04-09 23:09:50] EDIT NoteKeeper/static/css/dispnotes.css: 0
[2014-04-09 23:10:18] EDIT NoteKeeper/views/default/dispnotes.html: 0
[2014-04-09 23:11:06] EDIT NoteKeeper/views/default/dispnotes.html: 0
[2014-04-09 23:11:19] EDIT NoteKeeper/views/default/dispnotes.html: 0
[2014-04-09 23:11:59] EDIT NoteKeeper/static/css/dispnotes.css: -1
[2014-04-09 23:13:28] EDIT NoteKeeper/views/layout.html: 2
[2014-04-09 23:14:14] EDIT NoteKeeper/views/default/index.html: 1
[2014-04-09 23:15:44] EDIT NoteKeeper/views/layout.html: 0
[2014-04-09 23:15:57] EDIT NoteKeeper/views/layout.html: 0
[2014-04-09 23:16:09] EDIT NoteKeeper/views/layout.html: 0
[2014-04-09 23:18:11] EDIT NoteKeeper/views/layout.html: 0
[2014-04-09 23:19:07] EDIT NoteKeeper/views/default/index.html: 0
[2014-04-09 23:19:29] EDIT NoteKeeper/views/default/index.html: 2
[2014-04-09 23:19:46] EDIT NoteKeeper/views/default/index.html: 0
[2014-04-09 23:55:28] EDIT NoteKeeper/controllers/default.py: 2
[2014-04-09 23:59:09] EDIT NoteKeeper/models/menu.py: 0
[2014-04-10 00:00:53] EDIT NoteKeeper/models/menu.py: 1
[2014-04-10 00:01:00] EDIT NoteKeeper/models/menu.py: 0
[2014-04-10 00:01:24] EDIT NoteKeeper/models/menu.py: 0
[2014-04-10 00:02:28] EDIT NoteKeeper/models/menu.py: 0
[2014-04-10 00:04:21] EDIT NoteKeeper/models/menu.py: 0
[2014-04-10 00:06:24] EDIT NoteKeeper/views/layout.html: 5
[2014-04-10 00:07:38] EDIT NoteKeeper/views/layout.html: 0
[2014-04-10 00:07:52] EDIT NoteKeeper/views/layout.html: 0
[2014-04-10 00:10:22] EDIT NoteKeeper/static/css/web2py_bootstrap_nojs.css: 3
[2014-04-10 00:10:53] EDIT NoteKeeper/static/css/web2py_bootstrap_nojs.css: 0
[2014-04-10 00:12:40] EDIT NoteKeeper/static/css/web2py_bootstrap_nojs.css: 1
[2014-04-10 00:13:40] EDIT NoteKeeper/static/css/web2py_bootstrap_nojs.css: 0
[2014-04-10 00:15:27] EDIT NoteKeeper/static/css/web2py_bootstrap_nojs.css: 0
[2014-04-10 00:16:04] EDIT NoteKeeper/static/css/web2py_bootstrap_nojs.css: 0
[2014-04-10 00:16:21] EDIT NoteKeeper/static/css/web2py_bootstrap_nojs.css: 0
[2014-04-10 00:16:57] EDIT NoteKeeper/static/css/web2py_bootstrap_nojs.css: 0
[2014-04-10 00:17:03] EDIT NoteKeeper/static/css/web2py_bootstrap_nojs.css: 0
[2014-04-10 00:18:08] EDIT NoteKeeper/static/css/web2py_bootstrap_nojs.css: 0
[2014-04-10 00:22:13] EDIT NoteKeeper/static/css/web2py_bootstrap_nojs.css: 0
[2014-04-10 00:25:02] EDIT NoteKeeper/static/css/web2py_bootstrap_nojs.css: -2
[2014-04-10 00:26:03] EDIT NoteKeeper/static/css/web2py_bootstrap_nojs.css: 0
[2014-04-10 00:28:09] EDIT NoteKeeper/static/css/web2py_bootstrap_nojs.css: 0
[2014-04-10 00:29:24] EDIT NoteKeeper/static/css/web2py_bootstrap_nojs.css: -1
[2014-04-10 00:31:39] EDIT NoteKeeper/models/menu.py: 1
[2014-04-10 00:32:29] EDIT NoteKeeper/static/css/web2py_bootstrap_nojs.css: 2
[2014-04-10 00:39:04] EDIT NoteKeeper/static/css/web2py_bootstrap_nojs.css: -3
[2014-04-10 00:39:29] EDIT NoteKeeper/static/css/web2py.css: 0
[2014-04-10 00:41:12] EDIT NoteKeeper/static/css/web2py.css: 0
[2014-04-10 00:41:32] EDIT NoteKeeper/static/css/web2py_bootstrap.css: 0
[2014-04-10 00:42:14] EDIT NoteKeeper/static/css/web2py_bootstrap.css: 0
[2014-04-10 00:44:12] EDIT NoteKeeper/static/css/dispnotes.css: 0
[2014-04-10 00:45:06] EDIT NoteKeeper/static/css/dispnotes.css: 0
[2014-04-10 00:46:36] EDIT NoteKeeper/static/css/dispnotes.css: 0
[2014-04-10 00:47:08] EDIT NoteKeeper/static/css/dispnotes.css: 0
[2014-04-11 01:19:02] EDIT NoteKeeper/controllers/default.py: -1
[2014-04-11 01:21:09] EDIT NoteKeeper/static/css/dispnotes.css: 0
[2014-04-13 14:45:54] EDIT NoteKeeper/views/default/todolist.html: 9
[2014-04-13 14:50:02] EDIT NoteKeeper/views/default/todolist.html: 6
[2014-04-13 14:50:57] EDIT NoteKeeper/views/default/todolist.html: 1
[2014-04-13 14:51:49] EDIT NoteKeeper/views/default/todolist.html: 0
[2014-04-13 14:53:21] EDIT NoteKeeper/views/default/todolist.html: 0
[2014-04-13 14:54:43] EDIT NoteKeeper/views/default/todolist.html: 0
[2014-04-13 14:55:15] EDIT NoteKeeper/controllers/default.py: 0
[2014-04-13 14:56:39] EDIT NoteKeeper/views/default/todolist.html: 0
[2014-04-13 14:56:49] EDIT NoteKeeper/controllers/default.py: 0
[2014-04-13 14:58:10] EDIT NoteKeeper/views/default/todolist.html: 0
[2014-04-13 14:59:17] EDIT NoteKeeper/views/default/todolist.html: 0
[2014-04-13 14:59:38] EDIT NoteKeeper/views/default/todolist.html: 0
[2014-04-13 15:02:17] EDIT NoteKeeper/views/default/todolist.html: 2
[2014-04-13 15:04:22] EDIT NoteKeeper/views/default/todolist.html: -1
[2014-04-13 15:04:45] EDIT NoteKeeper/views/default/todolist.html: 0
[2014-04-13 15:05:18] EDIT NoteKeeper/views/default/todolist.html: 0
[2014-04-13 15:06:32] EDIT NoteKeeper/views/default/todolist.html: -1
[2014-04-13 15:06:56] EDIT NoteKeeper/controllers/default.py: 1
[2014-04-13 15:07:32] EDIT NoteKeeper/views/default/todolist.html: 0
[2014-04-13 15:08:18] EDIT NoteKeeper/views/default/todolist.html: 0
[2014-04-13 15:09:00] EDIT NoteKeeper/views/default/todolist.html: 0
[2014-04-13 15:10:20] EDIT NoteKeeper/views/default/todolist.html: 0
[2014-04-13 15:11:22] EDIT NoteKeeper/views/default/todolist.html: 0
[2014-04-13 15:12:51] EDIT NoteKeeper/views/default/todolist.html: 5
[2014-04-13 15:17:43] EDIT NoteKeeper/views/default/todolist.html: 3
[2014-04-13 15:20:37] EDIT NoteKeeper/views/default/todolist.html: 0
[2014-04-13 15:23:45] EDIT NoteKeeper/controllers/default.py: 0
[2014-04-13 15:24:30] EDIT NoteKeeper/views/default/todolist.html: 1
[2014-04-13 15:24:51] EDIT NoteKeeper/views/default/todolist.html: -1
[2014-04-13 15:25:17] EDIT NoteKeeper/views/default/todolist.html: 0
[2014-04-13 15:26:26] EDIT NoteKeeper/views/default/todolist.html: 0
[2014-04-13 15:27:37] EDIT NoteKeeper/views/default/todolist.html: 0
[2014-04-13 15:28:12] EDIT NoteKeeper/views/default/todolist.html: 0
[2014-04-13 15:29:25] EDIT NoteKeeper/views/default/todolist.html: 0
[2014-04-13 15:30:26] EDIT NoteKeeper/controllers/default.py: 0
[2014-04-13 15:31:02] EDIT NoteKeeper/views/default/todolist.html: 0
[2014-04-13 15:31:40] EDIT NoteKeeper/views/default/todolist.html: 1
[2014-04-13 15:32:47] EDIT NoteKeeper/controllers/default.py: 0
[2014-04-13 15:54:41] EDIT NoteKeeper/controllers/default.py: -1
[2014-04-13 15:55:50] EDIT NoteKeeper/views/default/todolist.html: 1
[2014-04-13 15:56:20] EDIT NoteKeeper/views/default/todolist.html: 0
[2014-04-13 15:56:51] EDIT NoteKeeper/views/default/todolist.html: 0
[2014-04-13 15:57:02] EDIT NoteKeeper/controllers/default.py: 0
[2014-04-13 15:59:03] EDIT NoteKeeper/views/default/todolist.html: 5
[2014-04-13 15:59:39] EDIT NoteKeeper/views/default/todolist.html: 1
[2014-04-13 16:00:26] EDIT NoteKeeper/views/default/todolist.html: -3
[2014-04-13 16:00:56] EDIT NoteKeeper/views/default/todolist.html: 0
[2014-04-13 16:10:23] EDIT NoteKeeper/views/default/todolist.html: 3
[2014-04-13 16:11:47] EDIT NoteKeeper/views/default/todolist.html: 1
[2014-04-13 16:11:59] EDIT NoteKeeper/views/default/todolist.html: 0
[2014-04-13 16:12:39] EDIT NoteKeeper/controllers/default.py: 0
[2014-04-13 16:14:17] EDIT NoteKeeper/models/db.py: 1
[2014-04-13 16:21:52] EDIT NoteKeeper/controllers/default.py: 0
[2014-04-13 16:26:10] EDIT NoteKeeper/controllers/default.py: 3
[2014-04-13 16:26:40] CREATE todolistprint.html: 0
[2014-04-13 16:27:41] EDIT NoteKeeper/views/todolistprint.html: 1
[2014-04-13 16:30:26] EDIT NoteKeeper/views/todolistprint.html: 1
[2014-04-13 16:31:06] EDIT NoteKeeper/views/todolistprint.html: 1
[2014-04-13 16:35:09] EDIT NoteKeeper/views/todolistprint.html: 0
[2014-04-13 16:35:45] EDIT NoteKeeper/views/todolistprint.html: 3
[2014-04-13 16:39:24] EDIT NoteKeeper/controllers/default.py: 0
[2014-04-13 16:40:53] EDIT NoteKeeper/views/default/todolist.html: 0
[2014-04-13 16:40:59] EDIT NoteKeeper/views/default/todolist.html: 0
[2014-04-13 16:41:06] EDIT NoteKeeper/controllers/default.py: 0
[2014-04-13 16:42:27] EDIT NoteKeeper/views/default/todolist.html: 0
[2014-04-13 16:48:39] EDIT NoteKeeper/controllers/default.py: 0
[2014-04-13 16:48:47] EDIT NoteKeeper/controllers/default.py: 0
[2014-04-13 18:03:23] EDIT NoteKeeper/views/default/todolist.html: -5
[2014-04-13 19:10:09] EDIT NoteKeeper/models/db.py: 0
[2014-04-13 20:17:45] EDIT NoteKeeper/models/db.py: 0
[2014-04-13 20:21:45] EDIT NoteKeeper/models/db.py: 0
[2014-04-13 20:22:31] EDIT NoteKeeper/models/db.py: 0
[2014-04-13 20:22:46] EDIT NoteKeeper/models/db.py: 0
[2014-04-13 20:31:48] EDIT NoteKeeper/models/db.py: 0
[2014-04-13 20:32:34] EDIT NoteKeeper/views/default/todolist.html: -50
[2014-04-13 20:35:55] EDIT NoteKeeper/controllers/default.py: -5
[2014-04-13 20:36:02] EDIT NoteKeeper/controllers/default.py: 0
[2014-04-13 20:36:06] EDIT NoteKeeper/controllers/default.py: 0
[2014-04-13 20:36:22] EDIT NoteKeeper/controllers/default.py: 0
[2014-04-13 20:37:04] EDIT NoteKeeper/views/default/todolist.html: -5
[2014-04-13 20:37:25] EDIT NoteKeeper/views/default/todolist.html: 1
[2014-04-13 20:40:59] EDIT NoteKeeper/views/default/todolist.html: 6
[2014-04-13 20:43:36] EDIT NoteKeeper/views/default/todolist.html: 0
[2014-04-13 20:45:24] EDIT NoteKeeper/controllers/default.py: 3
[2014-04-13 20:45:49] EDIT NoteKeeper/views/default/todolist.html: 2
[2014-04-13 20:47:09] EDIT NoteKeeper/controllers/default.py: 1
[2014-04-13 20:47:36] EDIT NoteKeeper/views/default/todolist.html: 0
[2014-04-13 20:47:51] EDIT NoteKeeper/views/default/todolist.html: 0
[2014-04-13 20:48:29] EDIT NoteKeeper/controllers/default.py: 1
[2014-04-13 20:48:49] EDIT NoteKeeper/controllers/default.py: 0
[2014-04-13 20:49:34] EDIT NoteKeeper/controllers/default.py: 2
[2014-04-13 20:50:49] EDIT NoteKeeper/views/default/todolist.html: 0
[2014-04-13 20:51:12] EDIT NoteKeeper/views/default/todolist.html: 0
[2014-04-13 21:01:04] EDIT NoteKeeper/views/default/todolist.html: 7
[2014-04-13 21:01:31] EDIT NoteKeeper/views/default/todolist.html: 0
[2014-04-13 21:02:15] EDIT NoteKeeper/views/default/todolist.html: 0
[2014-04-13 21:02:48] EDIT NoteKeeper/views/default/todolist.html: 0
[2014-04-13 21:03:37] EDIT NoteKeeper/views/default/todolist.html: 0
[2014-04-13 21:04:15] EDIT NoteKeeper/views/default/todolist.html: 0
[2014-04-13 21:10:57] EDIT NoteKeeper/views/default/todolist.html: 0
[2014-04-13 21:11:33] EDIT NoteKeeper/views/default/todolist.html: 0
[2014-04-13 21:11:44] EDIT NoteKeeper/views/default/todolist.html: 0
[2014-04-13 21:12:00] EDIT NoteKeeper/views/default/todolist.html: 0
[2014-04-13 21:12:27] EDIT NoteKeeper/views/default/todolist.html: 0
[2014-04-13 21:14:51] EDIT NoteKeeper/views/default/todolist.html: 0
[2014-04-13 21:15:36] EDIT NoteKeeper/views/default/todolist.html: -1
[2014-04-13 21:15:54] EDIT NoteKeeper/views/default/todolist.html: 0
[2014-04-13 21:16:13] EDIT NoteKeeper/views/default/todolist.html: 0
[2014-04-13 21:17:33] EDIT NoteKeeper/views/default/todolist.html: -6
[2014-04-13 21:17:53] EDIT NoteKeeper/views/default/todolist.html: 0
[2014-04-13 21:19:00] EDIT NoteKeeper/views/default/todolist.html: 0
[2014-04-13 21:20:00] EDIT NoteKeeper/views/default/todolist.html: 0
[2014-04-13 21:20:17] EDIT NoteKeeper/views/default/todolist.html: 0
[2014-04-13 21:20:57] EDIT NoteKeeper/views/default/todolist.html: 0
[2014-04-13 21:22:06] EDIT NoteKeeper/views/default/todolist.html: 0
[2014-04-13 21:22:38] EDIT NoteKeeper/controllers/default.py: 0
[2014-04-13 21:23:35] EDIT NoteKeeper/views/default/todolist.html: 0
[2014-04-13 21:24:15] EDIT NoteKeeper/views/default/todolist.html: 0
[2014-04-13 21:24:31] EDIT NoteKeeper/views/default/todolist.html: 0
[2014-04-13 21:25:02] EDIT NoteKeeper/controllers/default.py: 0
[2014-04-13 21:26:00] EDIT NoteKeeper/controllers/default.py: 0
[2014-04-13 21:27:03] EDIT NoteKeeper/views/default/todolist.html: 0
[2014-04-13 21:29:50] EDIT NoteKeeper/models/db.py: 0
[2014-04-13 21:31:59] EDIT NoteKeeper/views/default/todolist.html: 0
[2014-04-13 21:32:36] EDIT NoteKeeper/views/default/todolist.html: -1
[2014-04-13 21:41:21] EDIT NoteKeeper/views/default/todolist.html: 0
[2014-04-13 21:51:38] EDIT NoteKeeper/views/default/todolist.html: -6
[2014-04-13 21:51:57] EDIT NoteKeeper/views/default/todolist.html: 1
[2014-04-13 21:53:20] EDIT NoteKeeper/views/default/todolist.html: 0
[2014-04-13 21:54:27] EDIT NoteKeeper/views/default/todolist.html: 6
[2014-04-13 21:57:48] EDIT NoteKeeper/views/default/todolist.html: 0
[2014-04-13 21:58:02] EDIT NoteKeeper/controllers/default.py: 0
[2014-04-13 22:00:51] EDIT NoteKeeper/views/default/todolist.html: 0
[2014-04-13 22:04:09] EDIT NoteKeeper/models/db.py: 0
[2014-04-14 23:45:24] EDIT NoteKeeper/views/default/todolist.html: -2
[2014-04-14 23:46:06] EDIT NoteKeeper/controllers/default.py: -1
[2014-04-14 23:46:21] EDIT NoteKeeper/controllers/default.py: 0
[2014-04-15 00:06:25] EDIT NoteKeeper/views/default/todolist.html: 0
[2014-04-15 00:09:04] EDIT NoteKeeper/controllers/default.py: -2
[2014-04-15 00:47:55] EDIT NoteKeeper/views/default/todolist.html: 17
[2014-04-15 01:00:58] EDIT NoteKeeper/controllers/default.py: 5
[2014-04-15 01:01:13] EDIT NoteKeeper/controllers/default.py: 0
[2014-04-15 01:01:51] EDIT NoteKeeper/views/default/todolist.html: 0
[2014-04-15 01:02:38] EDIT NoteKeeper/views/default/todolist.html: 0
[2014-04-15 01:03:23] EDIT NoteKeeper/controllers/default.py: 1
[2014-04-15 01:04:34] EDIT NoteKeeper/views/default/todolist.html: 0
[2014-04-15 01:07:04] EDIT NoteKeeper/views/default/todolist.html: 0
[2014-04-15 01:08:11] EDIT NoteKeeper/views/default/todolist.html: 0
[2014-04-15 01:09:59] EDIT NoteKeeper/controllers/default.py: 0
[2014-04-15 01:10:07] EDIT NoteKeeper/views/default/todolist.html: -1
[2014-04-15 01:12:04] EDIT NoteKeeper/views/default/todolist.html: 0
[2014-04-15 01:12:33] EDIT NoteKeeper/controllers/default.py: 0
[2014-04-15 01:15:59] EDIT NoteKeeper/views/default/todolist.html: 0
[2014-04-15 01:17:28] EDIT NoteKeeper/controllers/default.py: 0
[2014-04-15 01:18:18] EDIT NoteKeeper/views/default/todolist.html: 0
[2014-04-15 01:30:48] EDIT NoteKeeper/views/default/todolist.html: 0
[2014-04-15 01:34:36] EDIT NoteKeeper/views/default/todolist.html: -1
[2014-04-15 01:38:30] EDIT NoteKeeper/views/default/todolist.html: 0
[2014-04-15 01:39:37] EDIT NoteKeeper/controllers/default.py: 0
[2014-04-15 01:50:04] EDIT NoteKeeper/views/default/todolist.html: 1
[2014-04-15 01:50:07] EDIT NoteKeeper/views/default/todolist.html: 0
[2014-04-15 01:50:40] EDIT NoteKeeper/views/default/todolistprint.html: -7
[2014-04-15 01:51:33] EDIT NoteKeeper/views/default/todolist.html: 0
[2014-04-15 01:52:07] EDIT NoteKeeper/controllers/default.py: 0
[2014-04-15 01:52:28] EDIT NoteKeeper/controllers/default.py: 0
[2014-04-15 01:52:34] EDIT NoteKeeper/controllers/default.py: -1
[2014-04-15 01:54:07] EDIT NoteKeeper/controllers/default.py: 0
[2014-04-15 01:54:19] EDIT NoteKeeper/controllers/default.py: 0
[2014-04-15 01:54:43] EDIT NoteKeeper/controllers/default.py: 0
[2014-04-15 01:55:00] EDIT NoteKeeper/controllers/default.py: 0
[2014-04-15 01:55:07] EDIT NoteKeeper/controllers/default.py: 0
[2014-04-15 01:55:39] EDIT NoteKeeper/controllers/default.py: 0
[2014-04-15 01:59:12] EDIT NoteKeeper/views/default/todolist.html: 0
[2014-04-15 01:59:49] EDIT NoteKeeper/views/default/todolist.html: 0
[2014-04-15 02:00:17] EDIT NoteKeeper/views/default/todolist.html: 0
[2014-04-15 02:01:05] EDIT NoteKeeper/views/default/todolist.html: 1
[2014-04-15 02:02:33] EDIT NoteKeeper/controllers/default.py: -1
[2014-04-15 02:06:27] EDIT NoteKeeper/controllers/default.py: 0
[2014-04-15 02:07:08] EDIT NoteKeeper/controllers/default.py: 0
[2014-04-15 02:08:24] EDIT NoteKeeper/controllers/default.py: 0
[2014-04-15 02:09:10] EDIT NoteKeeper/controllers/default.py: 0
[2014-04-15 02:10:24] EDIT NoteKeeper/controllers/default.py: 0
[2014-04-15 02:11:56] EDIT NoteKeeper/controllers/default.py: 0
[2014-04-15 02:12:44] EDIT NoteKeeper/views/default/todolist.html: 4
[2014-04-15 02:12:54] EDIT NoteKeeper/controllers/default.py: 0
[2014-04-15 02:14:25] EDIT NoteKeeper/controllers/default.py: 2
[2014-04-15 02:33:26] EDIT NoteKeeper/views/default/todolist.html: 2
[2014-04-15 02:34:12] EDIT NoteKeeper/controllers/default.py: -1
[2014-04-15 02:34:18] EDIT NoteKeeper/controllers/default.py: -1
[2014-04-15 02:35:30] EDIT NoteKeeper/views/default/todolist.html: 0
[2014-04-15 02:38:45] EDIT NoteKeeper/views/default/todolist.html: 2
[2014-04-15 02:41:00] EDIT NoteKeeper/views/default/todolist.html: 0
[2014-04-15 02:41:52] EDIT NoteKeeper/controllers/default.py: 3
[2014-04-15 02:42:17] EDIT NoteKeeper/views/default/todolist.html: 0
[2014-04-15 02:43:36] EDIT NoteKeeper/controllers/default.py: 0
[2014-04-15 02:44:16] EDIT NoteKeeper/views/default/todolist.html: 0
[2014-04-15 02:47:02] EDIT NoteKeeper/controllers/default.py: 0
[2014-04-15 02:47:27] EDIT NoteKeeper/controllers/default.py: 0
[2014-04-15 02:49:05] EDIT NoteKeeper/controllers/default.py: 4
[2014-04-15 02:49:11] EDIT NoteKeeper/controllers/default.py: 0
[2014-04-15 02:49:29] EDIT NoteKeeper/controllers/default.py: 0
[2014-04-15 02:50:13] EDIT NoteKeeper/controllers/default.py: 0
[2014-04-15 02:50:15] EDIT NoteKeeper/controllers/default.py: 0
[2014-04-15 02:51:57] EDIT NoteKeeper/controllers/default.py: 0
[2014-04-15 02:53:10] EDIT NoteKeeper/controllers/default.py: 0
[2014-04-15 02:54:33] EDIT NoteKeeper/controllers/default.py: 1
[2014-04-15 02:55:09] EDIT NoteKeeper/controllers/default.py: 0
[2014-04-15 02:55:56] EDIT NoteKeeper/controllers/default.py: -2
[2014-04-15 02:56:28] EDIT NoteKeeper/controllers/default.py: 0
[2014-04-15 02:56:39] EDIT NoteKeeper/controllers/default.py: 0
[2014-04-15 02:58:53] EDIT NoteKeeper/views/default/todolist.html: 2
[2014-04-15 03:00:47] EDIT NoteKeeper/controllers/default.py: 0
[2014-04-15 03:01:26] EDIT NoteKeeper/controllers/default.py: 0
[2014-04-15 03:01:39] EDIT NoteKeeper/views/default/todolist.html: 0
[2014-04-15 03:03:23] EDIT NoteKeeper/views/default/todolist.html: 3
[2014-04-15 03:08:17] EDIT NoteKeeper/controllers/default.py: 0
[2014-04-15 03:09:28] EDIT NoteKeeper/controllers/default.py: 0
[2014-04-15 03:09:45] EDIT NoteKeeper/controllers/default.py: 0
[2014-04-15 03:10:45] EDIT NoteKeeper/controllers/default.py: 0
[2014-04-15 03:11:04] EDIT NoteKeeper/controllers/default.py: 0
[2014-04-15 03:11:51] EDIT NoteKeeper/controllers/default.py: 0
[2014-04-15 03:12:28] EDIT NoteKeeper/controllers/default.py: 0
[2014-04-15 03:13:53] EDIT NoteKeeper/controllers/default.py: 0
[2014-04-15 03:17:33] EDIT NoteKeeper/models/db.py: 0
[2014-04-15 03:17:38] EDIT NoteKeeper/models/db.py: 0
[2014-04-15 03:18:39] EDIT NoteKeeper/models/db.py: 0
[2014-04-15 03:19:03] EDIT NoteKeeper/models/db.py: 0
[2014-04-15 03:24:01] EDIT NoteKeeper/controllers/default.py: 0
[2014-04-15 03:25:43] EDIT NoteKeeper/views/default/todolist.html: -1
[2014-04-15 03:27:08] EDIT NoteKeeper/controllers/default.py: 0
[2014-04-15 03:27:23] EDIT NoteKeeper/controllers/default.py: 0
[2014-04-15 03:28:12] EDIT NoteKeeper/controllers/default.py: 0
[2014-04-15 03:29:17] EDIT NoteKeeper/controllers/default.py: 0
[2014-04-15 03:33:53] EDIT NoteKeeper/controllers/default.py: 3
[2014-04-15 03:35:15] EDIT NoteKeeper/views/default/todolist.html: 6
[2014-04-15 03:36:52] EDIT NoteKeeper/controllers/default.py: 0
[2014-04-15 03:37:26] EDIT NoteKeeper/controllers/default.py: 0
[2014-04-15 03:37:58] EDIT NoteKeeper/controllers/default.py: 0
[2014-04-15 03:38:30] EDIT NoteKeeper/controllers/default.py: 0
[2014-04-15 03:38:48] EDIT NoteKeeper/controllers/default.py: 0
[2014-04-15 03:39:10] EDIT NoteKeeper/controllers/default.py: 0
[2014-04-15 03:39:52] EDIT NoteKeeper/controllers/default.py: 0
[2014-04-15 03:40:53] EDIT NoteKeeper/controllers/default.py: 0
[2014-04-15 03:41:28] EDIT NoteKeeper/controllers/default.py: 0
[2014-04-15 03:41:44] EDIT NoteKeeper/controllers/default.py: 0
[2014-04-15 03:42:33] EDIT NoteKeeper/controllers/default.py: 0
[2014-04-15 03:44:06] EDIT NoteKeeper/controllers/default.py: 0
[2014-04-15 03:44:43] EDIT NoteKeeper/controllers/default.py: 0
[2014-04-15 03:45:23] EDIT NoteKeeper/controllers/default.py: 0
[2014-04-15 03:45:53] EDIT NoteKeeper/controllers/default.py: 0
[2014-04-15 03:47:08] EDIT NoteKeeper/controllers/default.py: 0
[2014-04-15 03:47:34] EDIT NoteKeeper/controllers/default.py: 0
[2014-04-15 03:48:09] EDIT NoteKeeper/controllers/default.py: 0
[2014-04-15 03:48:19] EDIT NoteKeeper/controllers/default.py: 0
[2014-04-15 03:48:41] EDIT NoteKeeper/controllers/default.py: 0
[2014-04-15 03:49:03] EDIT NoteKeeper/controllers/default.py: 0
[2014-04-15 03:49:57] EDIT NoteKeeper/controllers/default.py: 0
[2014-04-15 03:50:21] EDIT NoteKeeper/controllers/default.py: 0
[2014-04-15 03:51:28] EDIT NoteKeeper/controllers/default.py: 0
[2014-04-15 03:52:18] EDIT NoteKeeper/controllers/default.py: 0
[2014-04-15 03:52:45] EDIT NoteKeeper/controllers/default.py: 0
[2014-04-15 03:53:15] EDIT NoteKeeper/controllers/default.py: 0
[2014-04-15 03:58:29] EDIT NoteKeeper/controllers/default.py: 1
[2014-04-15 03:58:36] EDIT NoteKeeper/views/default/todolist.html: 0
[2014-04-15 04:04:10] EDIT NoteKeeper/views/default/todolist.html: 0
[2014-04-15 04:07:43] EDIT NoteKeeper/views/default/todolist.html: 1
[2014-04-15 04:10:03] EDIT NoteKeeper/controllers/default.py: -1
[2014-04-15 04:10:44] EDIT NoteKeeper/views/default/todolist.html: 0
[2014-04-15 04:11:11] EDIT NoteKeeper/views/default/todolist.html: 0
[2014-04-15 04:11:29] EDIT NoteKeeper/controllers/default.py: 0
[2014-04-15 04:11:46] EDIT NoteKeeper/controllers/default.py: 0
[2014-04-15 04:12:59] EDIT NoteKeeper/controllers/default.py: 0
[2014-04-15 04:15:36] EDIT NoteKeeper/views/default/todolist.html: 0
[2014-04-15 04:16:16] EDIT NoteKeeper/views/default/todolist.html: 0
[2014-04-15 20:30:02] EDIT NoteKeeper/models/db.py: 0
[2014-04-15 20:32:10] EDIT NoteKeeper/models/db.py: 1
[2014-04-15 20:35:53] EDIT NoteKeeper/views/default/drawing.html: 1
[2014-04-15 21:07:19] EDIT NoteKeeper/controllers/default.py: 3
[2014-04-15 21:11:01] EDIT NoteKeeper/models/db.py: 0
[2014-04-15 21:13:55] EDIT NoteKeeper/controllers/default.py: 1
[2014-04-15 21:25:05] EDIT NoteKeeper/models/db.py: 0
[2014-04-15 21:30:03] EDIT NoteKeeper/views/default/drawing.html: 8
[2014-04-15 21:31:30] EDIT NoteKeeper/views/default/drawing.html: 2
[2014-04-15 21:33:21] EDIT NoteKeeper/views/default/drawing.html: 0
[2014-04-15 21:33:58] EDIT NoteKeeper/views/default/drawing.html: 1
[2014-04-15 21:36:16] EDIT NoteKeeper/views/default/drawing.html: 0
[2014-04-15 21:37:57] EDIT NoteKeeper/views/default/drawing.html: 0
[2014-04-15 21:40:59] EDIT NoteKeeper/views/default/drawing.html: 0
[2014-04-15 21:41:12] EDIT NoteKeeper/views/default/drawing.html: 0
[2014-04-16 16:03:00] EDIT NoteKeeper/views/default/drawing.html: 0
[2014-04-16 16:03:13] EDIT NoteKeeper/views/default/drawing.html: 0
[2014-04-16 16:07:04] EDIT NoteKeeper/controllers/default.py: 1
[2014-04-16 16:07:09] EDIT NoteKeeper/views/default/drawing.html: 0
[2014-04-16 17:14:58] EDIT NoteKeeper/models/db.py: 0
[2014-04-16 17:21:10] EDIT NoteKeeper/controllers/default.py: 0
[2014-04-16 17:22:42] EDIT NoteKeeper/views/default/drawing.html: -2
[2014-04-16 17:28:44] EDIT NoteKeeper/views/default/drawing.html: 0
[2014-04-16 17:28:51] EDIT NoteKeeper/views/default/drawing.html: 0
[2014-04-16 17:30:23] EDIT NoteKeeper/controllers/default.py: 0
[2014-04-16 17:30:45] EDIT NoteKeeper/views/default/drawing.html: 0
[2014-04-16 17:30:59] EDIT NoteKeeper/views/default/drawing.html: 0
[2014-04-16 17:31:16] EDIT NoteKeeper/models/db.py: 0
[2014-04-16 17:31:22] EDIT NoteKeeper/controllers/default.py: 0
[2014-04-16 17:31:27] EDIT NoteKeeper/views/default/drawing.html: 0
[2014-04-16 17:34:48] EDIT NoteKeeper/controllers/default.py: 3
[2014-04-16 17:34:51] EDIT NoteKeeper/views/default/drawing.html: 0
[2014-04-16 17:37:14] EDIT NoteKeeper/views/default/drawing.html: 0
[2014-04-16 17:38:24] EDIT NoteKeeper/views/default/drawing.html: 0
[2014-04-16 17:39:08] EDIT NoteKeeper/views/default/drawing.html: 0
[2014-04-16 17:39:17] EDIT NoteKeeper/views/default/drawing.html: 0
[2014-04-16 17:39:50] EDIT NoteKeeper/views/default/drawing.html: 0
[2014-04-16 17:43:13] EDIT NoteKeeper/models/db.py: 0
[2014-04-16 17:44:01] EDIT NoteKeeper/controllers/default.py: 0
[2014-04-16 17:45:36] EDIT NoteKeeper/controllers/default.py: -4
[2014-04-16 17:47:56] EDIT NoteKeeper/views/default/drawing.html: 0
[2014-04-16 17:49:13] CREATE default/canvas.html: 0
[2014-04-16 17:50:33] EDIT NoteKeeper/controllers/default.py: 3
[2014-04-16 17:50:43] EDIT NoteKeeper/controllers/default.py: 0
[2014-04-16 17:52:20] EDIT NoteKeeper/views/default/canvas.html: 4
[2014-04-16 17:59:02] EDIT NoteKeeper/models/db.py: 0
[2014-04-16 18:01:37] EDIT NoteKeeper/views/default/drawing.html: 1
[2014-04-16 18:21:39] EDIT NoteKeeper/views/default/drawing.html: 13
[2014-04-16 19:01:59] EDIT NoteKeeper/views/default/drawing.html: 1
[2014-04-16 19:12:36] EDIT NoteKeeper/views/default/drawing.html: 3
[2014-04-16 19:13:45] EDIT NoteKeeper/controllers/default.py: 4
[2014-04-16 19:13:48] EDIT NoteKeeper/controllers/default.py: 0
[2014-04-16 19:14:03] EDIT NoteKeeper/controllers/default.py: 0
[2014-04-16 19:14:15] EDIT NoteKeeper/controllers/default.py: 0
[2014-04-16 19:14:20] EDIT NoteKeeper/controllers/default.py: 0
[2014-04-16 19:16:33] EDIT NoteKeeper/views/default/drawing.html: 0
[2014-04-16 19:16:51] EDIT NoteKeeper/views/default/drawing.html: 0
[2014-04-16 19:17:50] EDIT NoteKeeper/views/default/drawing.html: 0
[2014-04-16 19:18:32] EDIT NoteKeeper/views/default/drawing.html: 0
[2014-04-16 19:20:13] EDIT NoteKeeper/views/default/drawing.html: -2
[2014-04-16 19:21:36] EDIT NoteKeeper/views/default/drawing.html: 0
[2014-04-16 19:21:42] EDIT NoteKeeper/controllers/default.py: 0
[2014-04-16 19:21:48] EDIT NoteKeeper/models/db.py: 0
[2014-04-16 19:34:28] EDIT NoteKeeper/views/default/drawing.html: -1
[2014-04-16 19:36:02] EDIT NoteKeeper/views/default/drawing.html: 0
[2014-04-16 19:36:26] EDIT NoteKeeper/views/default/drawing.html: 0
[2014-04-16 19:36:43] EDIT NoteKeeper/controllers/default.py: 0
[2014-04-16 19:37:28] EDIT NoteKeeper/views/default/drawing.html: 0
[2014-04-16 19:40:57] EDIT NoteKeeper/models/db.py: 0
[2014-04-16 19:41:11] EDIT NoteKeeper/models/db.py: 0
[2014-04-16 19:41:16] EDIT NoteKeeper/controllers/default.py: 0
[2014-04-16 19:41:18] EDIT NoteKeeper/views/default/drawing.html: 0
